0 silly argv {
0 silly argv   _: [ 'publish' ],
0 silly argv   composed: 'publish',
0 silly argv   lernaVersion: '8.1.9',
0 silly argv   '$0': 'node_modules/lerna/dist/cli.js'
0 silly argv }
1 notice cli v8.1.9
2 verbose packageConfigs Explicit "packages" configuration found in lerna.json. Resolving packages using the configured glob(s): ["packages/*","apps/*"]
3 verbose rootPath /Users/taojiang/Documents/study/my-dapp-libs
4 info versioning independent
5 verbose session 96d39aea0e0d550d
6 verbose user-agent lerna/8.1.9/node@v20.18.0+x64 (darwin)
7 silly argv { _: [ 'publish' ], composed: 'publish', lernaVersion: '8.1.9' }
8 verbose packageConfigs Explicit "packages" configuration found in lerna.json. Resolving packages using the configured glob(s): ["packages/*","apps/*"]
9 verbose rootPath /Users/taojiang/Documents/study/my-dapp-libs
10 silly isAnythingCommitted
11 verbose isAnythingCommitted 1
12 silly getCurrentBranch
13 verbose currentBranch main
14 silly remoteBranchExists
15 silly isBehindUpstream
16 silly isBehindUpstream main is behind origin/main by 0 commit(s) and ahead by 0
17 silly hasTags
18 verbose hasTags false
19 info Assuming all packages changed
20 verbose updated @mydapp/cli
21 verbose updated @mydapp/components
22 verbose updated @mydapp/hooks
23 verbose updated @mydapp/ui
24 verbose git-describe undefined => "7a1df63"
25 silly git-describe parsed => {"refCount":"2","sha":"7a1df63","isDirty":false}
26 silly independent for @mydapp/cli at /Users/taojiang/Documents/study/my-dapp-libs/packages/cli
27 verbose getChangelogConfig using preset "conventional-changelog-angular"
28 silly npa Result {
28 silly npa   type: 'range',
28 silly npa   registry: true,
28 silly npa   where: undefined,
28 silly npa   raw: 'conventional-changelog-angular',
28 silly npa   name: 'conventional-changelog-angular',
28 silly npa   escapedName: 'conventional-changelog-angular',
28 silly npa   scope: undefined,
28 silly npa   rawSpec: '*',
28 silly npa   saveSpec: null,
28 silly npa   fetchSpec: '*',
28 silly npa   gitRange: undefined,
28 silly npa   gitCommittish: undefined,
28 silly npa   gitSubdir: undefined,
28 silly npa   hosted: undefined
28 silly npa }
29 verbose getChangelogConfig Attempting to resolve preset "conventional-changelog-angular"
30 info getChangelogConfig Successfully resolved preset "conventional-changelog-angular"
31 verbose independent increment 1.0.0 by patch
32 silly independent for @mydapp/components at /Users/taojiang/Documents/study/my-dapp-libs/packages/components
33 verbose independent increment 1.0.0 by patch
34 silly independent for @mydapp/hooks at /Users/taojiang/Documents/study/my-dapp-libs/packages/hooks
35 verbose independent increment 1.0.0 by patch
36 silly independent for @mydapp/ui at /Users/taojiang/Documents/study/my-dapp-libs/packages/ui
37 verbose independent increment 1.0.0 by patch
38 info execute Skipping releases
39 silly lifecycle No script for "preversion" in "my-dapp-libs", continuing
40 silly lifecycle No script for "preversion" in "@mydapp/cli", continuing
41 silly lifecycle No script for "preversion" in "@mydapp/components", continuing
42 silly lifecycle No script for "preversion" in "@mydapp/ui", continuing
43 verbose version @mydapp/components has no lockfile. Skipping lockfile update.
44 verbose version @mydapp/cli has no lockfile. Skipping lockfile update.
45 verbose version @mydapp/ui has no lockfile. Skipping lockfile update.
46 silly lifecycle No script for "version" in "@mydapp/cli", continuing
47 silly independent for @mydapp/cli at /Users/taojiang/Documents/study/my-dapp-libs/packages/cli
48 silly lifecycle No script for "version" in "@mydapp/ui", continuing
49 silly independent for @mydapp/ui at /Users/taojiang/Documents/study/my-dapp-libs/packages/ui
50 silly lifecycle No script for "version" in "@mydapp/components", continuing
51 silly independent for @mydapp/components at /Users/taojiang/Documents/study/my-dapp-libs/packages/components
52 silly independent writing new entry: "## 1.0.1 (2025-01-18)\n\n**Note:** Version bump only for package @mydapp/cli\n\n\n\n"
53 silly independent writing new entry: "## 1.0.1 (2025-01-18)\n\n**Note:** Version bump only for package @mydapp/ui\n\n\n\n"
54 verbose independent wrote /Users/taojiang/Documents/study/my-dapp-libs/packages/cli/CHANGELOG.md
55 silly independent writing new entry: "## 1.0.1 (2025-01-18)\n\n**Note:** Version bump only for package @mydapp/components\n\n\n\n"
56 verbose independent wrote /Users/taojiang/Documents/study/my-dapp-libs/packages/ui/CHANGELOG.md
57 silly lifecycle No script for "preversion" in "@mydapp/hooks", continuing
58 verbose independent wrote /Users/taojiang/Documents/study/my-dapp-libs/packages/components/CHANGELOG.md
59 verbose version @mydapp/hooks has no lockfile. Skipping lockfile update.
60 silly lifecycle No script for "version" in "@mydapp/hooks", continuing
61 silly independent for @mydapp/hooks at /Users/taojiang/Documents/study/my-dapp-libs/packages/hooks
62 silly independent writing new entry: "## 1.0.1 (2025-01-18)\n\n**Note:** Version bump only for package @mydapp/hooks\n\n\n\n"
63 verbose independent wrote /Users/taojiang/Documents/study/my-dapp-libs/packages/hooks/CHANGELOG.md
64 silly lifecycle No script for "version" in "my-dapp-libs", continuing
65 verbose version Updating root pnpm-lock.yaml
66 silly gitAdd [
66 silly gitAdd   'packages/cli/package.json',
66 silly gitAdd   'packages/ui/package.json',
66 silly gitAdd   'packages/components/package.json',
66 silly gitAdd   'packages/cli/CHANGELOG.md',
66 silly gitAdd   'packages/ui/CHANGELOG.md',
66 silly gitAdd   'packages/components/CHANGELOG.md',
66 silly gitAdd   'packages/hooks/package.json',
66 silly gitAdd   'packages/hooks/CHANGELOG.md',
66 silly gitAdd   'pnpm-lock.yaml'
66 silly gitAdd ]
67 silly gitCommit [skin ci] chore:release
67 silly gitCommit
67 silly gitCommit  - @mydapp/cli@1.0.1
67 silly gitCommit  - @mydapp/components@1.0.1
67 silly gitCommit  - @mydapp/hooks@1.0.1
67 silly gitCommit  - @mydapp/ui@1.0.1
68 verbose git [
68 verbose git   'commit',
68 verbose git   '-F',
68 verbose git   '/private/var/folders/3l/__d69fjn1cg2r_qcmj1_4qgm0000gp/T/02ad6dfd-7d84-4492-8fc7-0231becbf8c4/lerna-commit.txt'
68 verbose git ]
69 silly gitTag @mydapp/cli@1.0.1 git tag %s -m %s
70 verbose git [ 'tag', '@mydapp/cli@1.0.1', '-m', '@mydapp/cli@1.0.1' ]
71 silly gitTag @mydapp/components@1.0.1 git tag %s -m %s
72 verbose git [ 'tag', '@mydapp/components@1.0.1', '-m', '@mydapp/components@1.0.1' ]
73 silly gitTag @mydapp/hooks@1.0.1 git tag %s -m %s
74 verbose git [ 'tag', '@mydapp/hooks@1.0.1', '-m', '@mydapp/hooks@1.0.1' ]
75 silly gitTag @mydapp/ui@1.0.1 git tag %s -m %s
76 verbose git [ 'tag', '@mydapp/ui@1.0.1', '-m', '@mydapp/ui@1.0.1' ]
77 silly lifecycle No script for "postversion" in "@mydapp/cli", continuing
78 silly lifecycle No script for "postversion" in "@mydapp/components", continuing
79 silly lifecycle No script for "postversion" in "@mydapp/hooks", continuing
80 silly lifecycle No script for "postversion" in "@mydapp/ui", continuing
81 silly lifecycle No script for "postversion" in "my-dapp-libs", continuing
82 info git Pushing tags...
83 silly gitPush origin main
84 info publish Publishing packages to npm...
85 notice Skipping all user and access validation due to third-party registry
86 notice Make sure you're authenticated properly ¯\_(ツ)_/¯
87 warn ENOLICENSE Packages @mydapp/cli, @mydapp/components, @mydapp/hooks, and @mydapp/ui are missing a license.
87 warn ENOLICENSE One way to fix this is to add a LICENSE.md file to the root of this repository.
87 warn ENOLICENSE See https://choosealicense.com for additional guidance.
88 silly getCurrentSHA
89 verbose getCurrentSHA 864443efb3b8ed8fc351cbc5c54a88282130a137
90 warn lifecycle Skipping root "prepublish" because it has already been called
91 silly lifecycle No script for "prepare" in "my-dapp-libs", continuing
92 silly lifecycle No script for "prepublishOnly" in "my-dapp-libs", continuing
93 silly lifecycle No script for "prepack" in "my-dapp-libs", continuing
94 verbose pack-directory packages/cli
95 silly lifecycle No script for "prepublish" in "@mydapp/cli", continuing
96 verbose pack-directory packages/components
97 silly lifecycle No script for "prepublish" in "@mydapp/components", continuing
98 verbose pack-directory packages/ui
99 silly lifecycle No script for "prepublish" in "@mydapp/ui", continuing
100 silly lifecycle No script for "prepare" in "@mydapp/cli", continuing
101 silly lifecycle No script for "prepare" in "@mydapp/components", continuing
102 silly lifecycle No script for "prepare" in "@mydapp/ui", continuing
103 silly lifecycle No script for "prepublishOnly" in "@mydapp/cli", continuing
104 silly lifecycle No script for "prepublishOnly" in "@mydapp/components", continuing
105 silly lifecycle No script for "prepublishOnly" in "@mydapp/ui", continuing
106 silly lifecycle No script for "prepack" in "@mydapp/cli", continuing
107 silly lifecycle No script for "prepack" in "@mydapp/components", continuing
108 silly lifecycle No script for "prepack" in "@mydapp/ui", continuing
109 silly lifecycle No script for "postpack" in "@mydapp/components", continuing
110 verbose packed packages/components
111 silly lifecycle No script for "postpack" in "@mydapp/ui", continuing
112 verbose packed packages/ui
113 silly lifecycle No script for "postpack" in "@mydapp/cli", continuing
114 verbose packed packages/cli
115 verbose pack-directory packages/hooks
116 silly lifecycle No script for "prepublish" in "@mydapp/hooks", continuing
117 silly lifecycle No script for "prepare" in "@mydapp/hooks", continuing
118 silly lifecycle No script for "prepublishOnly" in "@mydapp/hooks", continuing
119 silly lifecycle No script for "prepack" in "@mydapp/hooks", continuing
120 silly lifecycle No script for "postpack" in "@mydapp/hooks", continuing
121 verbose packed packages/hooks
122 silly lifecycle No script for "postpack" in "my-dapp-libs", continuing
123 verbose publish @mydapp/cli
124 verbose publish @mydapp/components
125 verbose publish @mydapp/ui
126 silly FetchError: request to http://localhost:8483/@mydapp%2fcli failed, reason:
126 silly     at ClientRequest.<anonymous> (/Users/taojiang/Documents/study/my-dapp-libs/node_modules/.pnpm/minipass-fetch@3.0.5/node_modules/minipass-fetch/lib/index.js:130:14)
126 silly     at ClientRequest.emit (node:events:519:28)
126 silly     at emitErrorEvent (node:_http_client:101:11)
126 silly     at _destroy (node:_http_client:884:9)
126 silly     at onSocketNT (node:_http_client:904:5)
126 silly     at process.processTicksAndRejections (node:internal/process/task_queues:83:21)
126 silly  FetchError: request to http://localhost:8483/@mydapp%2fcli failed, reason:
126 silly     at ClientRequest.<anonymous> (/Users/taojiang/Documents/study/my-dapp-libs/node_modules/.pnpm/minipass-fetch@3.0.5/node_modules/minipass-fetch/lib/index.js:130:14)
126 silly     at ClientRequest.emit (node:events:519:28)
126 silly     at emitErrorEvent (node:_http_client:101:11)
126 silly     at _destroy (node:_http_client:884:9)
126 silly     at onSocketNT (node:_http_client:904:5)
126 silly     at process.processTicksAndRejections (node:internal/process/task_queues:83:21) {
126 silly   code: 'ECONNREFUSED',
126 silly   errno: 'ECONNREFUSED',
126 silly   type: 'system'
126 silly }
127 warn notice Package failed to publish: @mydapp/cli
128 error ECONNREFUSED request to http://localhost:8483/@mydapp%2fcli failed, reason:
129 error errno "ECONNREFUSED" is not a valid exit code - exiting with code 1
130 silly FetchError: request to http://localhost:8483/@mydapp%2fcomponents failed, reason:
130 silly     at ClientRequest.<anonymous> (/Users/taojiang/Documents/study/my-dapp-libs/node_modules/.pnpm/minipass-fetch@3.0.5/node_modules/minipass-fetch/lib/index.js:130:14)
130 silly     at ClientRequest.emit (node:events:519:28)
130 silly     at emitErrorEvent (node:_http_client:101:11)
130 silly     at _destroy (node:_http_client:884:9)
130 silly     at onSocketNT (node:_http_client:904:5)
130 silly     at process.processTicksAndRejections (node:internal/process/task_queues:83:21)
130 silly  FetchError: request to http://localhost:8483/@mydapp%2fcomponents failed, reason:
130 silly     at ClientRequest.<anonymous> (/Users/taojiang/Documents/study/my-dapp-libs/node_modules/.pnpm/minipass-fetch@3.0.5/node_modules/minipass-fetch/lib/index.js:130:14)
130 silly     at ClientRequest.emit (node:events:519:28)
130 silly     at emitErrorEvent (node:_http_client:101:11)
130 silly     at _destroy (node:_http_client:884:9)
130 silly     at onSocketNT (node:_http_client:904:5)
130 silly     at process.processTicksAndRejections (node:internal/process/task_queues:83:21) {
130 silly   code: 'ECONNREFUSED',
130 silly   errno: 'ECONNREFUSED',
130 silly   type: 'system'
130 silly }
131 warn notice Package failed to publish: @mydapp/components
132 error ECONNREFUSED request to http://localhost:8483/@mydapp%2fcomponents failed, reason:
133 error errno "ECONNREFUSED" is not a valid exit code - exiting with code 1
134 silly FetchError: request to http://localhost:8483/@mydapp%2fui failed, reason:
134 silly     at ClientRequest.<anonymous> (/Users/taojiang/Documents/study/my-dapp-libs/node_modules/.pnpm/minipass-fetch@3.0.5/node_modules/minipass-fetch/lib/index.js:130:14)
134 silly     at ClientRequest.emit (node:events:519:28)
134 silly     at emitErrorEvent (node:_http_client:101:11)
134 silly     at _destroy (node:_http_client:884:9)
134 silly     at onSocketNT (node:_http_client:904:5)
134 silly     at process.processTicksAndRejections (node:internal/process/task_queues:83:21)
134 silly  FetchError: request to http://localhost:8483/@mydapp%2fui failed, reason:
134 silly     at ClientRequest.<anonymous> (/Users/taojiang/Documents/study/my-dapp-libs/node_modules/.pnpm/minipass-fetch@3.0.5/node_modules/minipass-fetch/lib/index.js:130:14)
134 silly     at ClientRequest.emit (node:events:519:28)
134 silly     at emitErrorEvent (node:_http_client:101:11)
134 silly     at _destroy (node:_http_client:884:9)
134 silly     at onSocketNT (node:_http_client:904:5)
134 silly     at process.processTicksAndRejections (node:internal/process/task_queues:83:21) {
134 silly   code: 'ECONNREFUSED',
134 silly   errno: 'ECONNREFUSED',
134 silly   type: 'system'
134 silly }
135 warn notice Package failed to publish: @mydapp/ui
136 error ECONNREFUSED request to http://localhost:8483/@mydapp%2fui failed, reason:
137 error errno "ECONNREFUSED" is not a valid exit code - exiting with code 1
138 error FetchError: request to http://localhost:8483/@mydapp%2fcli failed, reason:
138 error     at ClientRequest.<anonymous> (/Users/taojiang/Documents/study/my-dapp-libs/node_modules/.pnpm/minipass-fetch@3.0.5/node_modules/minipass-fetch/lib/index.js:130:14)
138 error     at ClientRequest.emit (node:events:519:28)
138 error     at emitErrorEvent (node:_http_client:101:11)
138 error     at _destroy (node:_http_client:884:9)
138 error     at onSocketNT (node:_http_client:904:5)
